2021-08-02 12:18:54,549 templogger   WARNING  "d9729770-87a6-452d-a8d2-c3f7dc354db8" "Articles api starts"
2021-08-02 12:18:56,841 templogger   WARNING  "d9729770-87a6-452d-a8d2-c3f7dc354db8" "Articles api ends"
2021-08-02 12:18:57,659 templogger   WARNING  "52a419df-696f-49c7-b6ee-0005c7e50e4d" "network EP starts"
2021-08-02 12:18:57,659 templogger   WARNING  "50dd359b-faa2-45d5-b2d2-51fb4892179f" "timeline ep starts"
2021-08-02 12:19:08,531 templogger   WARNING  "50dd359b-faa2-45d5-b2d2-51fb4892179f" "timeline ep ends"
2021-08-02 12:19:10,651 templogger   WARNING  "52a419df-696f-49c7-b6ee-0005c7e50e4d" "network EP ends"
2021-08-02 12:19:35,027 templogger   WARNING  "d50fdb8a-3720-4f29-9461-40bbc21ac441" "topusers EP starts"
2021-08-02 12:19:35,043 templogger   WARNING  "592066d2-bcbb-4939-8e83-0bb2a9a06de1" "top article EP starts"
2021-08-02 12:19:35,058 templogger   WARNING  "592066d2-bcbb-4939-8e83-0bb2a9a06de1" "top article EP ends"
2021-08-02 12:19:35,061 templogger   WARNING  "d50fdb8a-3720-4f29-9461-40bbc21ac441" "Topusers EP ends"
2021-08-02 12:19:44,977 templogger   WARNING  "f8302ad7-8df8-4d49-bdab-428b6ce1a3b3" "top article EP starts"
2021-08-02 12:19:44,991 templogger   WARNING  "f8302ad7-8df8-4d49-bdab-428b6ce1a3b3" "top article EP ends"
2021-08-02 12:19:45,072 templogger   WARNING  "47f9468d-e82b-42d3-81f8-48d6c720d95b" "Articles api starts"
2021-08-02 12:19:46,244 templogger   WARNING  "47f9468d-e82b-42d3-81f8-48d6c720d95b" "Articles api ends"
2021-08-02 12:19:46,536 templogger   WARNING  "00521b7f-c4c6-4929-a0aa-b6ac68aff1f4" "timeline ep starts"
2021-08-02 12:19:46,569 templogger   WARNING  "13e1977f-ce93-4e48-862b-08c0ab6997e2" "network EP starts"
2021-08-02 12:19:57,937 templogger   WARNING  "00521b7f-c4c6-4929-a0aa-b6ac68aff1f4" "timeline ep ends"
2021-08-02 12:19:59,977 templogger   WARNING  "13e1977f-ce93-4e48-862b-08c0ab6997e2" "network EP ends"
2021-08-02 12:20:09,174 templogger   WARNING  "ed93ff0a-5609-4f92-8f4c-b227356702aa" "top article EP starts"
2021-08-02 12:20:09,187 templogger   WARNING  "ed93ff0a-5609-4f92-8f4c-b227356702aa" "top article EP ends"
2021-08-02 12:20:09,197 templogger   WARNING  "5f76db2f-fa51-4a7c-b544-2c01ea5f4a72" "topusers EP starts"
2021-08-02 12:20:09,207 templogger   WARNING  "5f76db2f-fa51-4a7c-b544-2c01ea5f4a72" "Topusers EP ends"
2021-08-02 12:20:15,392 templogger   WARNING  "ba99ddf9-afa5-43bf-89f5-d9ce2e905cd1" "top article EP starts"
2021-08-02 12:20:15,405 templogger   WARNING  "ba99ddf9-afa5-43bf-89f5-d9ce2e905cd1" "top article EP ends"
2021-08-02 12:20:15,430 templogger   WARNING  "29b84bf7-f417-4e9f-8c8e-6131d3af9a83" "Articles api starts"
2021-08-02 12:20:17,286 templogger   WARNING  "29b84bf7-f417-4e9f-8c8e-6131d3af9a83" "Articles api ends"
2021-08-02 12:20:17,562 templogger   WARNING  "e93df592-0ea5-4b11-9a73-38b94fbef5d4" "timeline ep starts"
2021-08-02 12:20:17,571 templogger   WARNING  "c7ad3e19-036b-4415-a7b6-9c76167df4e6" "network EP starts"
2021-08-02 12:20:29,170 templogger   WARNING  "e93df592-0ea5-4b11-9a73-38b94fbef5d4" "timeline ep ends"
2021-08-02 12:20:35,308 templogger   WARNING  "c7ad3e19-036b-4415-a7b6-9c76167df4e6" "network EP ends"
